[15:10:11.017] Log Level: 2
[15:10:11.020] remote-ssh@0.90.1
[15:10:11.021] linux x64
[15:10:11.043] SSH Resolver called for "ssh-remote+hust02", attempt 1
[15:10:11.045] "remote.SSH.useLocalServer": true
[15:10:11.045] "remote.SSH.path": undefined
[15:10:11.046] "remote.SSH.configFile": undefined
[15:10:11.046] "remote.SSH.useFlock": true
[15:10:11.046] "remote.SSH.lockfilesInTmp": false
[15:10:11.046] "remote.SSH.localServerDownload": auto
[15:10:11.046] "remote.SSH.remoteServerListenOnSocket": false
[15:10:11.046] "remote.SSH.showLoginTerminal": false
[15:10:11.046] "remote.SSH.defaultExtensions": []
[15:10:11.047] "remote.SSH.loglevel": 2
[15:10:11.047] "remote.SSH.enableDynamicForwarding": true
[15:10:11.047] "remote.SSH.enableRemoteCommand": false
[15:10:11.047] "remote.SSH.serverPickPortsFromRange": {}
[15:10:11.047] "remote.SSH.serverInstallPath": {}
[15:10:11.064] SSH Resolver called for host: hust02
[15:10:11.064] Setting up SSH remote "hust02"
[15:10:11.073] Acquiring local install lock: /tmp/vscode-remote-ssh-d8136d83-install.lock
[15:10:11.079] Looking for existing server data file at /home/xyw/Documents/Code/rocksdb/rdma/skiplist_of_memtable_in_rocksdb/.vscode-root/User/globalStorage/ms-vscode-remote.remote-ssh/vscode-ssh-host-d8136d83-784b0177c56c607789f9638da7b6bf3230d47a8c-0.90.1/data.json
[15:10:11.080] Using commit id "784b0177c56c607789f9638da7b6bf3230d47a8c" and quality "stable" for server
[15:10:11.087] Install and start server if needed
[15:10:11.096] PATH: /usr/local/sbin:/usr/local/bin:/usr/sbin:/usr/bin:/sbin:/bin:/snap/bin
[15:10:11.096] Checking ssh with "ssh -V"
[15:10:11.123] > OpenSSH_8.2p1 Ubuntu-4ubuntu0.5, OpenSSL 1.1.1f  31 Mar 2020

[15:10:11.130] askpass server listening on /tmp/vscode-ssh-askpass-4c2c6efc6db5476f9b0fb47ee3edf0c02a1e86b1.sock
[15:10:11.131] Spawning local server with {"serverId":1,"ipcHandlePath":"/tmp/vscode-ssh-askpass-04d8da6eabcd38896793d35c79e22ec5d0d8d95e.sock","sshCommand":"ssh","sshArgs":["-v","-T","-D","35789","-o","ConnectTimeout=15","hust02"],"serverDataFolderName":".vscode-server","dataFilePath":"/home/xyw/Documents/Code/rocksdb/rdma/skiplist_of_memtable_in_rocksdb/.vscode-root/User/globalStorage/ms-vscode-remote.remote-ssh/vscode-ssh-host-d8136d83-784b0177c56c607789f9638da7b6bf3230d47a8c-0.90.1/data.json"}
[15:10:11.131] Local server env: {"SHELL":"/bin/bash","DISPLAY":":0","ELECTRON_RUN_AS_NODE":"1","SSH_ASKPASS":"/root/.vscode/extensions/ms-vscode-remote.remote-ssh-0.90.1/out/local-server/askpass.sh","VSCODE_SSH_ASKPASS_NODE":"/usr/share/code/code","VSCODE_SSH_ASKPASS_EXTRA_ARGS":"--ms-enable-electron-run-as-node","VSCODE_SSH_ASKPASS_MAIN":"/root/.vscode/extensions/ms-vscode-remote.remote-ssh-0.90.1/out/askpass-main.js","VSCODE_SSH_ASKPASS_HANDLE":"/tmp/vscode-ssh-askpass-4c2c6efc6db5476f9b0fb47ee3edf0c02a1e86b1.sock"}
[15:10:11.141] Spawned 58239
[15:10:11.355] > local-server-1> Spawned ssh, pid=58247
[15:10:11.362] stderr> OpenSSH_8.2p1 Ubuntu-4ubuntu0.5, OpenSSL 1.1.1f  31 Mar 2020
[15:10:11.369] stderr> ssh: Could not resolve hostname xz-ct1.cloudiplc.com: Temporary failure in name resolution
[15:10:11.373] > local-server-1> ssh child died, shutting down
[15:10:11.378] Local server exit: 0
[15:10:11.379] Received install output: local-server-1> Spawned ssh, pid=58247
OpenSSH_8.2p1 Ubuntu-4ubuntu0.5, OpenSSL 1.1.1f  31 Mar 2020
ssh: Could not resolve hostname xz-ct1.cloudiplc.com: Temporary failure in name resolution
local-server-1> ssh child died, shutting down

[15:10:11.382] Resolver error: Error: Could not resolve hostname
	at g.Offline (/root/.vscode/extensions/ms-vscode-remote.remote-ssh-0.90.1/out/extension.js:1:585273)
	at /root/.vscode/extensions/ms-vscode-remote.remote-ssh-0.90.1/out/extension.js:1:582694
	at t.handleInstallOutput (/root/.vscode/extensions/ms-vscode-remote.remote-ssh-0.90.1/out/extension.js:1:583062)
	at Object.e [as tryInstallWithLocalServer] (/root/.vscode/extensions/ms-vscode-remote.remote-ssh-0.90.1/out/extension.js:1:624373)
	at process.processTicksAndRejections (node:internal/process/task_queues:96:5)
	at async /root/.vscode/extensions/ms-vscode-remote.remote-ssh-0.90.1/out/extension.js:1:643506
	at async t.withShowDetailsEvent (/root/.vscode/extensions/ms-vscode-remote.remote-ssh-0.90.1/out/extension.js:1:647224)
	at async /root/.vscode/extensions/ms-vscode-remote.remote-ssh-0.90.1/out/extension.js:1:622845
	at async T (/root/.vscode/extensions/ms-vscode-remote.remote-ssh-0.90.1/out/extension.js:1:619351)
	at async t.resolveWithLocalServer (/root/.vscode/extensions/ms-vscode-remote.remote-ssh-0.90.1/out/extension.js:1:622460)
	at async t.resolve (/root/.vscode/extensions/ms-vscode-remote.remote-ssh-0.90.1/out/extension.js:1:644834)
	at async /root/.vscode/extensions/ms-vscode-remote.remote-ssh-0.90.1/out/extension.js:1:726917
[15:10:11.400] ------




[15:10:11.550] ------




[15:10:11.550] SSH Resolver called for "ssh-remote+hust02", attempt 2, (Reconnection)
[15:10:11.554] SSH Resolver called for host: hust02
[15:10:11.555] Setting up SSH remote "hust02"
[15:10:11.557] Acquiring local install lock: /tmp/vscode-remote-ssh-d8136d83-install.lock
[15:10:11.558] Looking for existing server data file at /home/xyw/Documents/Code/rocksdb/rdma/skiplist_of_memtable_in_rocksdb/.vscode-root/User/globalStorage/ms-vscode-remote.remote-ssh/vscode-ssh-host-d8136d83-784b0177c56c607789f9638da7b6bf3230d47a8c-0.90.1/data.json
[15:10:11.558] Using commit id "784b0177c56c607789f9638da7b6bf3230d47a8c" and quality "stable" for server
[15:10:11.561] Install and start server if needed
[15:10:11.568] askpass server listening on /tmp/vscode-ssh-askpass-1d97b2ea8e2beb48a5dbbe4345f8298e32dae371.sock
[15:10:11.568] Spawning local server with {"serverId":2,"ipcHandlePath":"/tmp/vscode-ssh-askpass-25ac58f544b6cc38a922b0b68f421545aa0bdeef.sock","sshCommand":"ssh","sshArgs":["-v","-T","-D","43127","-o","ConnectTimeout=15","hust02"],"serverDataFolderName":".vscode-server","dataFilePath":"/home/xyw/Documents/Code/rocksdb/rdma/skiplist_of_memtable_in_rocksdb/.vscode-root/User/globalStorage/ms-vscode-remote.remote-ssh/vscode-ssh-host-d8136d83-784b0177c56c607789f9638da7b6bf3230d47a8c-0.90.1/data.json"}
[15:10:11.569] Local server env: {"SHELL":"/bin/bash","DISPLAY":":0","ELECTRON_RUN_AS_NODE":"1","SSH_ASKPASS":"/root/.vscode/extensions/ms-vscode-remote.remote-ssh-0.90.1/out/local-server/askpass.sh","VSCODE_SSH_ASKPASS_NODE":"/usr/share/code/code","VSCODE_SSH_ASKPASS_EXTRA_ARGS":"--ms-enable-electron-run-as-node","VSCODE_SSH_ASKPASS_MAIN":"/root/.vscode/extensions/ms-vscode-remote.remote-ssh-0.90.1/out/askpass-main.js","VSCODE_SSH_ASKPASS_HANDLE":"/tmp/vscode-ssh-askpass-1d97b2ea8e2beb48a5dbbe4345f8298e32dae371.sock"}
[15:10:11.580] Spawned 58248
[15:10:11.820] > local-server-2> Spawned ssh, pid=58256
[15:10:11.830] stderr> OpenSSH_8.2p1 Ubuntu-4ubuntu0.5, OpenSSL 1.1.1f  31 Mar 2020
[15:10:11.831] stderr> ssh: Could not resolve hostname xz-ct1.cloudiplc.com: Temporary failure in name resolution
[15:10:11.834] > local-server-2> ssh child died, shutting down
[15:10:11.840] Local server exit: 0
[15:10:11.840] Received install output: local-server-2> Spawned ssh, pid=58256
OpenSSH_8.2p1 Ubuntu-4ubuntu0.5, OpenSSL 1.1.1f  31 Mar 2020
ssh: Could not resolve hostname xz-ct1.cloudiplc.com: Temporary failure in name resolution
local-server-2> ssh child died, shutting down

[15:10:11.841] Resolver error: Error: Could not resolve hostname
	at g.Offline (/root/.vscode/extensions/ms-vscode-remote.remote-ssh-0.90.1/out/extension.js:1:585273)
	at /root/.vscode/extensions/ms-vscode-remote.remote-ssh-0.90.1/out/extension.js:1:582694
	at t.handleInstallOutput (/root/.vscode/extensions/ms-vscode-remote.remote-ssh-0.90.1/out/extension.js:1:583062)
	at Object.e [as tryInstallWithLocalServer] (/root/.vscode/extensions/ms-vscode-remote.remote-ssh-0.90.1/out/extension.js:1:624373)
	at process.processTicksAndRejections (node:internal/process/task_queues:96:5)
	at async /root/.vscode/extensions/ms-vscode-remote.remote-ssh-0.90.1/out/extension.js:1:643506
	at async t.withShowDetailsEvent (/root/.vscode/extensions/ms-vscode-remote.remote-ssh-0.90.1/out/extension.js:1:647224)
	at async /root/.vscode/extensions/ms-vscode-remote.remote-ssh-0.90.1/out/extension.js:1:622845
	at async T (/root/.vscode/extensions/ms-vscode-remote.remote-ssh-0.90.1/out/extension.js:1:619351)
	at async t.resolveWithLocalServer (/root/.vscode/extensions/ms-vscode-remote.remote-ssh-0.90.1/out/extension.js:1:622460)
	at async t.resolve (/root/.vscode/extensions/ms-vscode-remote.remote-ssh-0.90.1/out/extension.js:1:644834)
	at async /root/.vscode/extensions/ms-vscode-remote.remote-ssh-0.90.1/out/extension.js:1:726917
[15:10:11.845] ------




[15:10:11.850] ------




[15:10:11.850] SSH Resolver called for "ssh-remote+hust02", attempt 3, (Reconnection)
[15:10:11.853] SSH Resolver called for host: hust02
[15:10:11.853] Setting up SSH remote "hust02"
[15:10:11.855] Acquiring local install lock: /tmp/vscode-remote-ssh-d8136d83-install.lock
[15:10:11.856] Looking for existing server data file at /home/xyw/Documents/Code/rocksdb/rdma/skiplist_of_memtable_in_rocksdb/.vscode-root/User/globalStorage/ms-vscode-remote.remote-ssh/vscode-ssh-host-d8136d83-784b0177c56c607789f9638da7b6bf3230d47a8c-0.90.1/data.json
[15:10:11.857] Using commit id "784b0177c56c607789f9638da7b6bf3230d47a8c" and quality "stable" for server
[15:10:11.862] Install and start server if needed
[15:10:11.871] askpass server listening on /tmp/vscode-ssh-askpass-b989d515144c433c086488e1f48e87a92ee7a940.sock
[15:10:11.871] Spawning local server with {"serverId":3,"ipcHandlePath":"/tmp/vscode-ssh-askpass-9f30f9629d922a6a7516a8cae5889b9d69f100df.sock","sshCommand":"ssh","sshArgs":["-v","-T","-D","43939","-o","ConnectTimeout=15","hust02"],"serverDataFolderName":".vscode-server","dataFilePath":"/home/xyw/Documents/Code/rocksdb/rdma/skiplist_of_memtable_in_rocksdb/.vscode-root/User/globalStorage/ms-vscode-remote.remote-ssh/vscode-ssh-host-d8136d83-784b0177c56c607789f9638da7b6bf3230d47a8c-0.90.1/data.json"}
[15:10:11.872] Local server env: {"SHELL":"/bin/bash","DISPLAY":":0","ELECTRON_RUN_AS_NODE":"1","SSH_ASKPASS":"/root/.vscode/extensions/ms-vscode-remote.remote-ssh-0.90.1/out/local-server/askpass.sh","VSCODE_SSH_ASKPASS_NODE":"/usr/share/code/code","VSCODE_SSH_ASKPASS_EXTRA_ARGS":"--ms-enable-electron-run-as-node","VSCODE_SSH_ASKPASS_MAIN":"/root/.vscode/extensions/ms-vscode-remote.remote-ssh-0.90.1/out/askpass-main.js","VSCODE_SSH_ASKPASS_HANDLE":"/tmp/vscode-ssh-askpass-b989d515144c433c086488e1f48e87a92ee7a940.sock"}
[15:10:11.878] Spawned 58258
[15:10:12.084] > local-server-3> Spawned ssh, pid=58266
[15:10:12.104] stderr> OpenSSH_8.2p1 Ubuntu-4ubuntu0.5, OpenSSL 1.1.1f  31 Mar 2020
[15:10:12.106] stderr> ssh: Could not resolve hostname xz-ct1.cloudiplc.com: Temporary failure in name resolution
[15:10:12.108] > local-server-3> ssh child died, shutting down
[15:10:12.125] Local server exit: 0
[15:10:12.126] Received install output: local-server-3> Spawned ssh, pid=58266
OpenSSH_8.2p1 Ubuntu-4ubuntu0.5, OpenSSL 1.1.1f  31 Mar 2020
ssh: Could not resolve hostname xz-ct1.cloudiplc.com: Temporary failure in name resolution
local-server-3> ssh child died, shutting down

[15:10:12.128] Resolver error: Error: Could not resolve hostname
	at g.Offline (/root/.vscode/extensions/ms-vscode-remote.remote-ssh-0.90.1/out/extension.js:1:585273)
	at /root/.vscode/extensions/ms-vscode-remote.remote-ssh-0.90.1/out/extension.js:1:582694
	at t.handleInstallOutput (/root/.vscode/extensions/ms-vscode-remote.remote-ssh-0.90.1/out/extension.js:1:583062)
	at Object.e [as tryInstallWithLocalServer] (/root/.vscode/extensions/ms-vscode-remote.remote-ssh-0.90.1/out/extension.js:1:624373)
	at process.processTicksAndRejections (node:internal/process/task_queues:96:5)
	at async /root/.vscode/extensions/ms-vscode-remote.remote-ssh-0.90.1/out/extension.js:1:643506
	at async t.withShowDetailsEvent (/root/.vscode/extensions/ms-vscode-remote.remote-ssh-0.90.1/out/extension.js:1:647224)
	at async /root/.vscode/extensions/ms-vscode-remote.remote-ssh-0.90.1/out/extension.js:1:622845
	at async T (/root/.vscode/extensions/ms-vscode-remote.remote-ssh-0.90.1/out/extension.js:1:619351)
	at async t.resolveWithLocalServer (/root/.vscode/extensions/ms-vscode-remote.remote-ssh-0.90.1/out/extension.js:1:622460)
	at async t.resolve (/root/.vscode/extensions/ms-vscode-remote.remote-ssh-0.90.1/out/extension.js:1:644834)
	at async /root/.vscode/extensions/ms-vscode-remote.remote-ssh-0.90.1/out/extension.js:1:726917
[15:10:12.131] ------




[15:10:12.139] ------




[15:10:12.139] SSH Resolver called for "ssh-remote+hust02", attempt 4, (Reconnection)
[15:10:12.142] SSH Resolver called for host: hust02
[15:10:12.142] Setting up SSH remote "hust02"
[15:10:12.144] Acquiring local install lock: /tmp/vscode-remote-ssh-d8136d83-install.lock
[15:10:12.145] Looking for existing server data file at /home/xyw/Documents/Code/rocksdb/rdma/skiplist_of_memtable_in_rocksdb/.vscode-root/User/globalStorage/ms-vscode-remote.remote-ssh/vscode-ssh-host-d8136d83-784b0177c56c607789f9638da7b6bf3230d47a8c-0.90.1/data.json
[15:10:12.145] Using commit id "784b0177c56c607789f9638da7b6bf3230d47a8c" and quality "stable" for server
[15:10:12.149] Install and start server if needed
[15:10:12.172] askpass server listening on /tmp/vscode-ssh-askpass-b505d3808a2552ba5d23c3497b9adb6f757c0794.sock
[15:10:12.173] Spawning local server with {"serverId":4,"ipcHandlePath":"/tmp/vscode-ssh-askpass-8f86c8f6f5c682ce3627b9a34b98a6e63af8d1ca.sock","sshCommand":"ssh","sshArgs":["-v","-T","-D","35623","-o","ConnectTimeout=15","hust02"],"serverDataFolderName":".vscode-server","dataFilePath":"/home/xyw/Documents/Code/rocksdb/rdma/skiplist_of_memtable_in_rocksdb/.vscode-root/User/globalStorage/ms-vscode-remote.remote-ssh/vscode-ssh-host-d8136d83-784b0177c56c607789f9638da7b6bf3230d47a8c-0.90.1/data.json"}
[15:10:12.173] Local server env: {"SHELL":"/bin/bash","DISPLAY":":0","ELECTRON_RUN_AS_NODE":"1","SSH_ASKPASS":"/root/.vscode/extensions/ms-vscode-remote.remote-ssh-0.90.1/out/local-server/askpass.sh","VSCODE_SSH_ASKPASS_NODE":"/usr/share/code/code","VSCODE_SSH_ASKPASS_EXTRA_ARGS":"--ms-enable-electron-run-as-node","VSCODE_SSH_ASKPASS_MAIN":"/root/.vscode/extensions/ms-vscode-remote.remote-ssh-0.90.1/out/askpass-main.js","VSCODE_SSH_ASKPASS_HANDLE":"/tmp/vscode-ssh-askpass-b505d3808a2552ba5d23c3497b9adb6f757c0794.sock"}
[15:10:12.184] Spawned 58267
[15:10:12.434] > local-server-4> Spawned ssh, pid=58275
[15:10:12.444] stderr> OpenSSH_8.2p1 Ubuntu-4ubuntu0.5, OpenSSL 1.1.1f  31 Mar 2020
[15:10:12.446] stderr> ssh: Could not resolve hostname xz-ct1.cloudiplc.com: Temporary failure in name resolution
[15:10:12.450] > local-server-4> ssh child died, shutting down
[15:10:12.466] Local server exit: 0
[15:10:12.467] Received install output: local-server-4> Spawned ssh, pid=58275
OpenSSH_8.2p1 Ubuntu-4ubuntu0.5, OpenSSL 1.1.1f  31 Mar 2020
ssh: Could not resolve hostname xz-ct1.cloudiplc.com: Temporary failure in name resolution
local-server-4> ssh child died, shutting down

[15:10:12.469] Resolver error: Error: Could not resolve hostname
	at g.Offline (/root/.vscode/extensions/ms-vscode-remote.remote-ssh-0.90.1/out/extension.js:1:585273)
	at /root/.vscode/extensions/ms-vscode-remote.remote-ssh-0.90.1/out/extension.js:1:582694
	at t.handleInstallOutput (/root/.vscode/extensions/ms-vscode-remote.remote-ssh-0.90.1/out/extension.js:1:583062)
	at Object.e [as tryInstallWithLocalServer] (/root/.vscode/extensions/ms-vscode-remote.remote-ssh-0.90.1/out/extension.js:1:624373)
	at process.processTicksAndRejections (node:internal/process/task_queues:96:5)
	at async /root/.vscode/extensions/ms-vscode-remote.remote-ssh-0.90.1/out/extension.js:1:643506
	at async t.withShowDetailsEvent (/root/.vscode/extensions/ms-vscode-remote.remote-ssh-0.90.1/out/extension.js:1:647224)
	at async /root/.vscode/extensions/ms-vscode-remote.remote-ssh-0.90.1/out/extension.js:1:622845
	at async T (/root/.vscode/extensions/ms-vscode-remote.remote-ssh-0.90.1/out/extension.js:1:619351)
	at async t.resolveWithLocalServer (/root/.vscode/extensions/ms-vscode-remote.remote-ssh-0.90.1/out/extension.js:1:622460)
	at async t.resolve (/root/.vscode/extensions/ms-vscode-remote.remote-ssh-0.90.1/out/extension.js:1:644834)
	at async /root/.vscode/extensions/ms-vscode-remote.remote-ssh-0.90.1/out/extension.js:1:726917
[15:10:12.479] ------




[15:10:12.489] ------




[15:10:12.489] SSH Resolver called for "ssh-remote+hust02", attempt 5, (Reconnection)
[15:10:12.493] SSH Resolver called for host: hust02
[15:10:12.494] Setting up SSH remote "hust02"
[15:10:12.497] Acquiring local install lock: /tmp/vscode-remote-ssh-d8136d83-install.lock
[15:10:12.499] Looking for existing server data file at /home/xyw/Documents/Code/rocksdb/rdma/skiplist_of_memtable_in_rocksdb/.vscode-root/User/globalStorage/ms-vscode-remote.remote-ssh/vscode-ssh-host-d8136d83-784b0177c56c607789f9638da7b6bf3230d47a8c-0.90.1/data.json
[15:10:12.499] Using commit id "784b0177c56c607789f9638da7b6bf3230d47a8c" and quality "stable" for server
[15:10:12.503] Install and start server if needed
[15:10:12.515] askpass server listening on /tmp/vscode-ssh-askpass-cbdef4cb2ccac40cdafd7de8d5d6488646fb83cb.sock
[15:10:12.515] Spawning local server with {"serverId":5,"ipcHandlePath":"/tmp/vscode-ssh-askpass-2115dd14adc6a90e268aa5c9e4ee0d5ad0da6a7f.sock","sshCommand":"ssh","sshArgs":["-v","-T","-D","35047","-o","ConnectTimeout=15","hust02"],"serverDataFolderName":".vscode-server","dataFilePath":"/home/xyw/Documents/Code/rocksdb/rdma/skiplist_of_memtable_in_rocksdb/.vscode-root/User/globalStorage/ms-vscode-remote.remote-ssh/vscode-ssh-host-d8136d83-784b0177c56c607789f9638da7b6bf3230d47a8c-0.90.1/data.json"}
[15:10:12.516] Local server env: {"SHELL":"/bin/bash","DISPLAY":":0","ELECTRON_RUN_AS_NODE":"1","SSH_ASKPASS":"/root/.vscode/extensions/ms-vscode-remote.remote-ssh-0.90.1/out/local-server/askpass.sh","VSCODE_SSH_ASKPASS_NODE":"/usr/share/code/code","VSCODE_SSH_ASKPASS_EXTRA_ARGS":"--ms-enable-electron-run-as-node","VSCODE_SSH_ASKPASS_MAIN":"/root/.vscode/extensions/ms-vscode-remote.remote-ssh-0.90.1/out/askpass-main.js","VSCODE_SSH_ASKPASS_HANDLE":"/tmp/vscode-ssh-askpass-cbdef4cb2ccac40cdafd7de8d5d6488646fb83cb.sock"}
[15:10:12.525] Spawned 58276
[15:10:12.742] > local-server-5> Spawned ssh, pid=58284
[15:10:12.751] stderr> OpenSSH_8.2p1 Ubuntu-4ubuntu0.5, OpenSSL 1.1.1f  31 Mar 2020
[15:10:12.752] stderr> ssh: Could not resolve hostname xz-ct1.cloudiplc.com: Temporary failure in name resolution
[15:10:12.754] > local-server-5> ssh child died, shutting down
[15:10:12.763] Local server exit: 0
[15:10:12.763] Received install output: local-server-5> Spawned ssh, pid=58284
OpenSSH_8.2p1 Ubuntu-4ubuntu0.5, OpenSSL 1.1.1f  31 Mar 2020
ssh: Could not resolve hostname xz-ct1.cloudiplc.com: Temporary failure in name resolution
local-server-5> ssh child died, shutting down

[15:10:12.765] Resolver error: Error: Could not resolve hostname
	at g.Offline (/root/.vscode/extensions/ms-vscode-remote.remote-ssh-0.90.1/out/extension.js:1:585273)
	at /root/.vscode/extensions/ms-vscode-remote.remote-ssh-0.90.1/out/extension.js:1:582694
	at t.handleInstallOutput (/root/.vscode/extensions/ms-vscode-remote.remote-ssh-0.90.1/out/extension.js:1:583062)
	at Object.e [as tryInstallWithLocalServer] (/root/.vscode/extensions/ms-vscode-remote.remote-ssh-0.90.1/out/extension.js:1:624373)
	at process.processTicksAndRejections (node:internal/process/task_queues:96:5)
	at async /root/.vscode/extensions/ms-vscode-remote.remote-ssh-0.90.1/out/extension.js:1:643506
	at async t.withShowDetailsEvent (/root/.vscode/extensions/ms-vscode-remote.remote-ssh-0.90.1/out/extension.js:1:647224)
	at async /root/.vscode/extensions/ms-vscode-remote.remote-ssh-0.90.1/out/extension.js:1:622845
	at async T (/root/.vscode/extensions/ms-vscode-remote.remote-ssh-0.90.1/out/extension.js:1:619351)
	at async t.resolveWithLocalServer (/root/.vscode/extensions/ms-vscode-remote.remote-ssh-0.90.1/out/extension.js:1:622460)
	at async t.resolve (/root/.vscode/extensions/ms-vscode-remote.remote-ssh-0.90.1/out/extension.js:1:644834)
	at async /root/.vscode/extensions/ms-vscode-remote.remote-ssh-0.90.1/out/extension.js:1:726917
[15:10:12.768] ------




