[2023-04-16 15:10:09.872] [renderer3] [info] [attempt 1] Invoking resolveAuthority(ssh-remote)
[2023-04-16 15:10:11.549] [renderer3] [error] [attempt 1] resolveAuthority(ssh-remote) returned an error after 1675 ms {"name":"CodeExpectedError","_message":"Could not resolve hostname","_code":"TemporarilyNotAvailable","isHandled":false}
[2023-04-16 15:10:11.551] [renderer3] [info] [attempt 2] Invoking resolveAuthority(ssh-remote)
[2023-04-16 15:10:11.849] [renderer3] [error] [attempt 2] resolveAuthority(ssh-remote) returned an error after 300 ms {"name":"CodeExpectedError","_message":"Could not resolve hostname","_code":"TemporarilyNotAvailable","isHandled":false}
[2023-04-16 15:10:11.850] [renderer3] [info] [attempt 3] Invoking resolveAuthority(ssh-remote)
[2023-04-16 15:10:12.070] [renderer3] [error] RequestService#request (browser) - error https://vscodeexperiments.azureedge.net/experiments/vscode-experiments.json {"name":"Offline"}
[2023-04-16 15:10:12.136] [renderer3] [error] [attempt 3] resolveAuthority(ssh-remote) returned an error after 287 ms {"name":"CodeExpectedError","_message":"Could not resolve hostname","_code":"TemporarilyNotAvailable","isHandled":false}
[2023-04-16 15:10:12.138] [renderer3] [info] [attempt 4] Invoking resolveAuthority(ssh-remote)
[2023-04-16 15:10:12.486] [renderer3] [error] [attempt 4] resolveAuthority(ssh-remote) returned an error after 347 ms {"name":"CodeExpectedError","_message":"Could not resolve hostname","_code":"TemporarilyNotAvailable","isHandled":false}
[2023-04-16 15:10:12.489] [renderer3] [info] [attempt 5] Invoking resolveAuthority(ssh-remote)
[2023-04-16 15:10:12.780] [renderer3] [error] [attempt 5] resolveAuthority(ssh-remote) returned an error after 293 ms {"name":"CodeExpectedError","_message":"Could not resolve hostname","_code":"TemporarilyNotAvailable","isHandled":false}
[2023-04-16 15:10:12.780] [renderer3] [error] Error received from starting extension host (kind: Remote)
[2023-04-16 15:10:12.781] [renderer3] [error] CodeExpectedError: Could not resolve hostname
    at y._resolveAuthority (vscode-file://vscode-app/usr/share/code/resources/app/out/vs/workbench/workbench.desktop.main.js:3191:7184)
    at process.processTicksAndRejections (node:internal/process/task_queues:96:5)
    at async y._resolveAuthorityInitial (vscode-file://vscode-app/usr/share/code/resources/app/out/vs/workbench/workbench.desktop.main.js:3191:7798)
    at async y._scanAndHandleExtensions (vscode-file://vscode-app/usr/share/code/resources/app/out/vs/workbench/workbench.desktop.main.js:3191:9633)
    at async y._initialize (vscode-file://vscode-app/usr/share/code/resources/app/out/vs/workbench/workbench.desktop.main.js:3189:23560)
[2023-04-16 15:10:12.781] [renderer3] [error] [remote-connection][attempt 1] An error occurred in initial connection! Will retry... Error:
[2023-04-16 15:10:12.782] [renderer3] [error] CodeExpectedError: Could not resolve hostname
    at y._resolveAuthority (vscode-file://vscode-app/usr/share/code/resources/app/out/vs/workbench/workbench.desktop.main.js:3191:7184)
    at process.processTicksAndRejections (node:internal/process/task_queues:96:5)
    at async y._resolveAuthorityInitial (vscode-file://vscode-app/usr/share/code/resources/app/out/vs/workbench/workbench.desktop.main.js:3191:7798)
    at async y._scanAndHandleExtensions (vscode-file://vscode-app/usr/share/code/resources/app/out/vs/workbench/workbench.desktop.main.js:3191:9633)
    at async y._initialize (vscode-file://vscode-app/usr/share/code/resources/app/out/vs/workbench/workbench.desktop.main.js:3189:23560)
[2023-04-16 15:10:12.788] [renderer3] [error] [remote-connection][attempt 2] An error occurred in initial connection! Will retry... Error:
[2023-04-16 15:10:12.789] [renderer3] [error] CodeExpectedError: Could not resolve hostname
    at y._resolveAuthority (vscode-file://vscode-app/usr/share/code/resources/app/out/vs/workbench/workbench.desktop.main.js:3191:7184)
    at process.processTicksAndRejections (node:internal/process/task_queues:96:5)
    at async y._resolveAuthorityInitial (vscode-file://vscode-app/usr/share/code/resources/app/out/vs/workbench/workbench.desktop.main.js:3191:7798)
    at async y._scanAndHandleExtensions (vscode-file://vscode-app/usr/share/code/resources/app/out/vs/workbench/workbench.desktop.main.js:3191:9633)
    at async y._initialize (vscode-file://vscode-app/usr/share/code/resources/app/out/vs/workbench/workbench.desktop.main.js:3189:23560)
[2023-04-16 15:10:12.915] [renderer3] [error] [remote-connection][attempt 3] An error occurred in initial connection! Will retry... Error:
[2023-04-16 15:10:12.916] [renderer3] [error] CodeExpectedError: Could not resolve hostname
    at y._resolveAuthority (vscode-file://vscode-app/usr/share/code/resources/app/out/vs/workbench/workbench.desktop.main.js:3191:7184)
    at process.processTicksAndRejections (node:internal/process/task_queues:96:5)
    at async y._resolveAuthorityInitial (vscode-file://vscode-app/usr/share/code/resources/app/out/vs/workbench/workbench.desktop.main.js:3191:7798)
    at async y._scanAndHandleExtensions (vscode-file://vscode-app/usr/share/code/resources/app/out/vs/workbench/workbench.desktop.main.js:3191:9633)
    at async y._initialize (vscode-file://vscode-app/usr/share/code/resources/app/out/vs/workbench/workbench.desktop.main.js:3189:23560)
[2023-04-16 15:10:13.006] [renderer3] [error] [remote-connection][attempt 4] An error occurred in initial connection! Will retry... Error:
[2023-04-16 15:10:13.006] [renderer3] [error] CodeExpectedError: Could not resolve hostname
    at y._resolveAuthority (vscode-file://vscode-app/usr/share/code/resources/app/out/vs/workbench/workbench.desktop.main.js:3191:7184)
    at process.processTicksAndRejections (node:internal/process/task_queues:96:5)
    at async y._resolveAuthorityInitial (vscode-file://vscode-app/usr/share/code/resources/app/out/vs/workbench/workbench.desktop.main.js:3191:7798)
    at async y._scanAndHandleExtensions (vscode-file://vscode-app/usr/share/code/resources/app/out/vs/workbench/workbench.desktop.main.js:3191:9633)
    at async y._initialize (vscode-file://vscode-app/usr/share/code/resources/app/out/vs/workbench/workbench.desktop.main.js:3189:23560)
[2023-04-16 15:10:13.023] [renderer3] [error] [remote-connection][attempt 5]  An error occurred in initial connection! It will be treated as a permanent error. Error:
[2023-04-16 15:10:13.024] [renderer3] [error] CodeExpectedError: Could not resolve hostname
    at y._resolveAuthority (vscode-file://vscode-app/usr/share/code/resources/app/out/vs/workbench/workbench.desktop.main.js:3191:7184)
    at process.processTicksAndRejections (node:internal/process/task_queues:96:5)
    at async y._resolveAuthorityInitial (vscode-file://vscode-app/usr/share/code/resources/app/out/vs/workbench/workbench.desktop.main.js:3191:7798)
    at async y._scanAndHandleExtensions (vscode-file://vscode-app/usr/share/code/resources/app/out/vs/workbench/workbench.desktop.main.js:3191:9633)
    at async y._initialize (vscode-file://vscode-app/usr/share/code/resources/app/out/vs/workbench/workbench.desktop.main.js:3189:23560)
[2023-04-16 15:10:13.028] [renderer3] [error] CodeExpectedError: Could not resolve hostname
    at y._resolveAuthority (vscode-file://vscode-app/usr/share/code/resources/app/out/vs/workbench/workbench.desktop.main.js:3191:7184)
    at process.processTicksAndRejections (node:internal/process/task_queues:96:5)
    at async y._resolveAuthorityInitial (vscode-file://vscode-app/usr/share/code/resources/app/out/vs/workbench/workbench.desktop.main.js:3191:7798)
    at async y._scanAndHandleExtensions (vscode-file://vscode-app/usr/share/code/resources/app/out/vs/workbench/workbench.desktop.main.js:3191:9633)
    at async y._initialize (vscode-file://vscode-app/usr/share/code/resources/app/out/vs/workbench/workbench.desktop.main.js:3189:23560)
[2023-04-16 15:10:13.028] [renderer3] [error] CodeExpectedError: Could not resolve hostname
    at y._resolveAuthority (vscode-file://vscode-app/usr/share/code/resources/app/out/vs/workbench/workbench.desktop.main.js:3191:7184)
    at process.processTicksAndRejections (node:internal/process/task_queues:96:5)
    at async y._resolveAuthorityInitial (vscode-file://vscode-app/usr/share/code/resources/app/out/vs/workbench/workbench.desktop.main.js:3191:7798)
    at async y._scanAndHandleExtensions (vscode-file://vscode-app/usr/share/code/resources/app/out/vs/workbench/workbench.desktop.main.js:3191:9633)
    at async y._initialize (vscode-file://vscode-app/usr/share/code/resources/app/out/vs/workbench/workbench.desktop.main.js:3189:23560)
[2023-04-16 15:10:13.030] [renderer3] [error] CodeExpectedError: Could not resolve hostname
    at y._resolveAuthority (vscode-file://vscode-app/usr/share/code/resources/app/out/vs/workbench/workbench.desktop.main.js:3191:7184)
    at process.processTicksAndRejections (node:internal/process/task_queues:96:5)
    at async y._resolveAuthorityInitial (vscode-file://vscode-app/usr/share/code/resources/app/out/vs/workbench/workbench.desktop.main.js:3191:7798)
    at async y._scanAndHandleExtensions (vscode-file://vscode-app/usr/share/code/resources/app/out/vs/workbench/workbench.desktop.main.js:3191:9633)
    at async y._initialize (vscode-file://vscode-app/usr/share/code/resources/app/out/vs/workbench/workbench.desktop.main.js:3189:23560)
[2023-04-16 15:10:13.030] [renderer3] [error] CodeExpectedError: Could not resolve hostname
    at y._resolveAuthority (vscode-file://vscode-app/usr/share/code/resources/app/out/vs/workbench/workbench.desktop.main.js:3191:7184)
    at process.processTicksAndRejections (node:internal/process/task_queues:96:5)
    at async y._resolveAuthorityInitial (vscode-file://vscode-app/usr/share/code/resources/app/out/vs/workbench/workbench.desktop.main.js:3191:7798)
    at async y._scanAndHandleExtensions (vscode-file://vscode-app/usr/share/code/resources/app/out/vs/workbench/workbench.desktop.main.js:3191:9633)
    at async y._initialize (vscode-file://vscode-app/usr/share/code/resources/app/out/vs/workbench/workbench.desktop.main.js:3189:23560)
[2023-04-16 15:10:13.031] [renderer3] [error] Cannot register remote filesystem provider. Error while fetching remote environment. Could not resolve hostname
[2023-04-16 15:10:13.144] [renderer3] [error] CodeExpectedError: Could not resolve hostname
    at y._resolveAuthority (vscode-file://vscode-app/usr/share/code/resources/app/out/vs/workbench/workbench.desktop.main.js:3191:7184)
    at process.processTicksAndRejections (node:internal/process/task_queues:96:5)
    at async y._resolveAuthorityInitial (vscode-file://vscode-app/usr/share/code/resources/app/out/vs/workbench/workbench.desktop.main.js:3191:7798)
    at async y._scanAndHandleExtensions (vscode-file://vscode-app/usr/share/code/resources/app/out/vs/workbench/workbench.desktop.main.js:3191:9633)
    at async y._initialize (vscode-file://vscode-app/usr/share/code/resources/app/out/vs/workbench/workbench.desktop.main.js:3189:23560)
[2023-04-16 15:10:13.172] [renderer3] [error] Could not resolve hostname: CodeExpectedError: Could not resolve hostname
    at y._resolveAuthority (vscode-file://vscode-app/usr/share/code/resources/app/out/vs/workbench/workbench.desktop.main.js:3191:7184)
    at process.processTicksAndRejections (node:internal/process/task_queues:96:5)
    at async y._resolveAuthorityInitial (vscode-file://vscode-app/usr/share/code/resources/app/out/vs/workbench/workbench.desktop.main.js:3191:7798)
    at async y._scanAndHandleExtensions (vscode-file://vscode-app/usr/share/code/resources/app/out/vs/workbench/workbench.desktop.main.js:3191:9633)
    at async y._initialize (vscode-file://vscode-app/usr/share/code/resources/app/out/vs/workbench/workbench.desktop.main.js:3189:23560)
[2023-04-16 15:10:13.293] [renderer3] [error] net::ERR_INTERNET_DISCONNECTED: Error: net::ERR_INTERNET_DISCONNECTED
    at SimpleURLLoaderWrapper.<anonymous> (node:electron/js2c/browser_init:105:7047)
    at SimpleURLLoaderWrapper.emit (node:events:526:28)
[2023-04-16 15:10:13.351] [renderer3] [error] RequestService#request (browser) - error https://marketplace.visualstudio.com/_apis/public/gallery/extensionquery {"name":"Offline"}
[2023-04-16 15:10:13.461] [renderer3] [error] CodeExpectedError: Could not resolve hostname
    at y._resolveAuthority (vscode-file://vscode-app/usr/share/code/resources/app/out/vs/workbench/workbench.desktop.main.js:3191:7184)
    at process.processTicksAndRejections (node:internal/process/task_queues:96:5)
    at async y._resolveAuthorityInitial (vscode-file://vscode-app/usr/share/code/resources/app/out/vs/workbench/workbench.desktop.main.js:3191:7798)
    at async y._scanAndHandleExtensions (vscode-file://vscode-app/usr/share/code/resources/app/out/vs/workbench/workbench.desktop.main.js:3191:9633)
    at async y._initialize (vscode-file://vscode-app/usr/share/code/resources/app/out/vs/workbench/workbench.desktop.main.js:3189:23560)
[2023-04-16 15:10:29.866] [renderer3] [error] Could not resolve hostname: CodeExpectedError: Could not resolve hostname
    at y._resolveAuthority (vscode-file://vscode-app/usr/share/code/resources/app/out/vs/workbench/workbench.desktop.main.js:3191:7184)
    at process.processTicksAndRejections (node:internal/process/task_queues:96:5)
    at async y._resolveAuthorityInitial (vscode-file://vscode-app/usr/share/code/resources/app/out/vs/workbench/workbench.desktop.main.js:3191:7798)
    at async y._scanAndHandleExtensions (vscode-file://vscode-app/usr/share/code/resources/app/out/vs/workbench/workbench.desktop.main.js:3191:9633)
    at async y._initialize (vscode-file://vscode-app/usr/share/code/resources/app/out/vs/workbench/workbench.desktop.main.js:3189:23560)
[2023-04-16 15:10:31.866] [renderer3] [error] Could not resolve hostname: CodeExpectedError: Could not resolve hostname
    at y._resolveAuthority (vscode-file://vscode-app/usr/share/code/resources/app/out/vs/workbench/workbench.desktop.main.js:3191:7184)
    at process.processTicksAndRejections (node:internal/process/task_queues:96:5)
    at async y._resolveAuthorityInitial (vscode-file://vscode-app/usr/share/code/resources/app/out/vs/workbench/workbench.desktop.main.js:3191:7798)
    at async y._scanAndHandleExtensions (vscode-file://vscode-app/usr/share/code/resources/app/out/vs/workbench/workbench.desktop.main.js:3191:9633)
    at async y._initialize (vscode-file://vscode-app/usr/share/code/resources/app/out/vs/workbench/workbench.desktop.main.js:3189:23560)
[2023-04-16 15:10:37.593] [renderer3] [info] [attempt 1] Invoking resolveAuthority(ssh-remote)
[2023-04-16 15:10:41.015] [renderer3] [error] [Extension Host] (node:58384) [DEP0005] DeprecationWarning: Buffer() is deprecated due to security and usability issues. Please use the Buffer.alloc(), Buffer.allocUnsafe(), or Buffer.from() methods instead.
(Use `code --trace-deprecation ...` to show where the warning was created)
[2023-04-16 15:10:41.069] [renderer3] [info] [attempt 1] resolveAuthority(ssh-remote) returned '127.0.0.1:38055' after 3445 ms
[2023-04-16 15:11:03.993] [renderer3] [info] [attempt 1] Invoking resolveAuthority(ssh-remote)
[2023-04-16 15:11:06.417] [renderer3] [error] [Extension Host] (node:58428) [DEP0005] DeprecationWarning: Buffer() is deprecated due to security and usability issues. Please use the Buffer.alloc(), Buffer.allocUnsafe(), or Buffer.from() methods instead.
(Use `code --trace-deprecation ...` to show where the warning was created)
[2023-04-16 15:11:06.455] [renderer3] [info] [attempt 1] resolveAuthority(ssh-remote) returned '127.0.0.1:46645' after 2462 ms
[2023-04-16 16:10:23.972] [renderer3] [info] [remote-connection][Management   ][271a0…][reconnect] received socket close event (wasClean: false, code: 1006, reason: ).
[2023-04-16 16:10:23.977] [renderer3] [error] {"isTrusted":true}
[2023-04-16 16:10:23.978] [renderer3] [info] [remote-connection][Management   ][271a0…][reconnect] starting reconnecting loop. You can get more information with the trace log level.
[2023-04-16 16:10:23.998] [renderer3] [info] [remote-connection][Management   ][271a0…][reconnect] resolving connection...
[2023-04-16 16:10:23.999] [renderer3] [info] Invoking resolveAuthority(ssh-remote)
[2023-04-16 16:10:24.039] [renderer3] [info] [remote-connection][ExtensionHost][ca305…][reconnect] received socket close event (wasClean: false, code: 1006, reason: ).
[2023-04-16 16:10:24.040] [renderer3] [error] {"isTrusted":true}
[2023-04-16 16:10:24.041] [renderer3] [info] [remote-connection][ExtensionHost][ca305…][reconnect] starting reconnecting loop. You can get more information with the trace log level.
[2023-04-16 16:10:24.042] [renderer3] [info] [remote-connection][ExtensionHost][ca305…][reconnect] resolving connection...
[2023-04-16 16:10:27.299] [renderer3] [info] resolveAuthority(ssh-remote) returned '127.0.0.1:38083' after 3301 ms
[2023-04-16 16:10:27.299] [renderer3] [info] [remote-connection][Management   ][271a0…][reconnect] connecting to 127.0.0.1:38083...
[2023-04-16 16:10:27.302] [renderer3] [info] [remote-connection][ExtensionHost][ca305…][reconnect] connecting to 127.0.0.1:38083...
[2023-04-16 16:10:27.938] [renderer3] [info] [remote-connection][Management   ][271a0…][reconnect] reconnected!
[2023-04-16 16:10:28.239] [renderer3] [info] [remote-connection][ExtensionHost][ca305…][reconnect] reconnected!
[2023-04-16 19:45:37.877] [renderer3] [info] [remote-connection][Management   ][271a0…][reconnect] received socket close event (wasClean: false, code: 1006, reason: ).
[2023-04-16 19:45:37.880] [renderer3] [error] {"isTrusted":true}
[2023-04-16 19:45:37.880] [renderer3] [info] [remote-connection][Management   ][271a0…][reconnect] starting reconnecting loop. You can get more information with the trace log level.
[2023-04-16 19:45:37.890] [renderer3] [info] [remote-connection][Management   ][271a0…][reconnect] resolving connection...
[2023-04-16 19:45:37.891] [renderer3] [info] Invoking resolveAuthority(ssh-remote)
[2023-04-16 19:45:37.906] [renderer3] [info] [remote-connection][ExtensionHost][ca305…][reconnect] received socket close event (wasClean: false, code: 1006, reason: ).
[2023-04-16 19:45:37.907] [renderer3] [error] {"isTrusted":true}
[2023-04-16 19:45:37.908] [renderer3] [info] [remote-connection][ExtensionHost][ca305…][reconnect] starting reconnecting loop. You can get more information with the trace log level.
[2023-04-16 19:45:37.908] [renderer3] [info] [remote-connection][ExtensionHost][ca305…][reconnect] resolving connection...
[2023-04-16 19:45:41.642] [renderer3] [info] resolveAuthority(ssh-remote) returned '127.0.0.1:33101' after 3750 ms
[2023-04-16 19:45:41.643] [renderer3] [info] [remote-connection][Management   ][271a0…][reconnect] connecting to 127.0.0.1:33101...
[2023-04-16 19:45:41.646] [renderer3] [info] [remote-connection][ExtensionHost][ca305…][reconnect] connecting to 127.0.0.1:33101...
[2023-04-16 19:45:42.118] [renderer3] [info] [remote-connection][Management   ][271a0…][reconnect] received socket close event (wasClean: false, code: 1006, reason: ).
[2023-04-16 19:45:42.119] [renderer3] [error] {"isTrusted":true}
[2023-04-16 19:45:42.119] [renderer3] [error] [remote-connection][Management   ][271a0…][reconnect][127.0.0.1:33101] received error control message when negotiating connection. Error:
[2023-04-16 19:45:42.120] [renderer3] [error] Error: Connection error: Unknown reconnection token (never seen)
    at z (vscode-file://vscode-app/usr/share/code/resources/app/out/vs/workbench/workbench.desktop.main.js:630:19606)
    at vscode-file://vscode-app/usr/share/code/resources/app/out/vs/workbench/workbench.desktop.main.js:630:9403
    at S.invoke (vscode-file://vscode-app/usr/share/code/resources/app/out/vs/workbench/workbench.desktop.main.js:83:145)
    at l.deliver (vscode-file://vscode-app/usr/share/code/resources/app/out/vs/workbench/workbench.desktop.main.js:83:2266)
    at a.fire (vscode-file://vscode-app/usr/share/code/resources/app/out/vs/workbench/workbench.desktop.main.js:83:1844)
    at d.fire (vscode-file://vscode-app/usr/share/code/resources/app/out/vs/workbench/workbench.desktop.main.js:545:19365)
    at g._receiveMessage (vscode-file://vscode-app/usr/share/code/resources/app/out/vs/workbench/workbench.desktop.main.js:545:24227)
    at vscode-file://vscode-app/usr/share/code/resources/app/out/vs/workbench/workbench.desktop.main.js:545:23197
    at S.invoke (vscode-file://vscode-app/usr/share/code/resources/app/out/vs/workbench/workbench.desktop.main.js:83:145)
    at l.deliver (vscode-file://vscode-app/usr/share/code/resources/app/out/vs/workbench/workbench.desktop.main.js:83:2266)
    at a.fire (vscode-file://vscode-app/usr/share/code/resources/app/out/vs/workbench/workbench.desktop.main.js:83:1844)
    at a.acceptChunk (vscode-file://vscode-app/usr/share/code/resources/app/out/vs/workbench/workbench.desktop.main.js:545:16196)
    at vscode-file://vscode-app/usr/share/code/resources/app/out/vs/workbench/workbench.desktop.main.js:545:15326
    at vscode-file://vscode-app/usr/share/code/resources/app/out/vs/workbench/workbench.desktop.main.js:628:45361
    at S.invoke (vscode-file://vscode-app/usr/share/code/resources/app/out/vs/workbench/workbench.desktop.main.js:83:145)
    at l.deliver (vscode-file://vscode-app/usr/share/code/resources/app/out/vs/workbench/workbench.desktop.main.js:83:2266)
    at a.fire (vscode-file://vscode-app/usr/share/code/resources/app/out/vs/workbench/workbench.desktop.main.js:83:1844)
    at _fileReader.onload (vscode-file://vscode-app/usr/share/code/resources/app/out/vs/workbench/workbench.desktop.main.js:628:43292)
[2023-04-16 19:45:42.120] [renderer3] [error] [remote-connection][Management   ][271a0…][reconnect] A permanent error occurred in the reconnecting loop! Will give up now! Error:
[2023-04-16 19:45:42.121] [renderer3] [error] Error: Connection error: Unknown reconnection token (never seen)
    at z (vscode-file://vscode-app/usr/share/code/resources/app/out/vs/workbench/workbench.desktop.main.js:630:19606)
    at vscode-file://vscode-app/usr/share/code/resources/app/out/vs/workbench/workbench.desktop.main.js:630:9403
    at S.invoke (vscode-file://vscode-app/usr/share/code/resources/app/out/vs/workbench/workbench.desktop.main.js:83:145)
    at l.deliver (vscode-file://vscode-app/usr/share/code/resources/app/out/vs/workbench/workbench.desktop.main.js:83:2266)
    at a.fire (vscode-file://vscode-app/usr/share/code/resources/app/out/vs/workbench/workbench.desktop.main.js:83:1844)
    at d.fire (vscode-file://vscode-app/usr/share/code/resources/app/out/vs/workbench/workbench.desktop.main.js:545:19365)
    at g._receiveMessage (vscode-file://vscode-app/usr/share/code/resources/app/out/vs/workbench/workbench.desktop.main.js:545:24227)
    at vscode-file://vscode-app/usr/share/code/resources/app/out/vs/workbench/workbench.desktop.main.js:545:23197
    at S.invoke (vscode-file://vscode-app/usr/share/code/resources/app/out/vs/workbench/workbench.desktop.main.js:83:145)
    at l.deliver (vscode-file://vscode-app/usr/share/code/resources/app/out/vs/workbench/workbench.desktop.main.js:83:2266)
    at a.fire (vscode-file://vscode-app/usr/share/code/resources/app/out/vs/workbench/workbench.desktop.main.js:83:1844)
    at a.acceptChunk (vscode-file://vscode-app/usr/share/code/resources/app/out/vs/workbench/workbench.desktop.main.js:545:16196)
    at vscode-file://vscode-app/usr/share/code/resources/app/out/vs/workbench/workbench.desktop.main.js:545:15326
    at vscode-file://vscode-app/usr/share/code/resources/app/out/vs/workbench/workbench.desktop.main.js:628:45361
    at S.invoke (vscode-file://vscode-app/usr/share/code/resources/app/out/vs/workbench/workbench.desktop.main.js:83:145)
    at l.deliver (vscode-file://vscode-app/usr/share/code/resources/app/out/vs/workbench/workbench.desktop.main.js:83:2266)
    at a.fire (vscode-file://vscode-app/usr/share/code/resources/app/out/vs/workbench/workbench.desktop.main.js:83:1844)
    at _fileReader.onload (vscode-file://vscode-app/usr/share/code/resources/app/out/vs/workbench/workbench.desktop.main.js:628:43292)
[2023-04-16 19:45:42.138] [renderer3] [error] Error: Unable to read file 'vscode-remote://ssh-remote+hust02/home/xyw/Code/recruitment-2022-spring/.vscode/settings.json' (Canceled: Canceled)
    at h.doReadFileStream (vscode-file://vscode-app/usr/share/code/resources/app/out/vs/workbench/workbench.desktop.main.js:603:20089)
    at async h.doReadFile (vscode-file://vscode-app/usr/share/code/resources/app/out/vs/workbench/workbench.desktop.main.js:603:19045)
    at async vscode-file://vscode-app/usr/share/code/resources/app/out/vs/workbench/workbench.desktop.main.js:1347:10422
    at async Promise.all (index 0)
    at async Promise.all (index 0)
    at async h.resolveContents (vscode-file://vscode-app/usr/share/code/resources/app/out/vs/workbench/workbench.desktop.main.js:1347:10695)
    at async b.updateCache (vscode-file://vscode-app/usr/share/code/resources/app/out/vs/workbench/workbench.desktop.main.js:1347:28425)
[2023-04-16 19:45:42.138] [renderer3] [error] Error: Unable to read file 'vscode-remote://ssh-remote+hust02/home/xyw/Code/recruitment-2022-spring/.vscode/tasks.json' (Canceled: Canceled)
    at h.doReadFileStream (vscode-file://vscode-app/usr/share/code/resources/app/out/vs/workbench/workbench.desktop.main.js:603:20089)
    at async h.doReadFile (vscode-file://vscode-app/usr/share/code/resources/app/out/vs/workbench/workbench.desktop.main.js:603:19045)
    at async vscode-file://vscode-app/usr/share/code/resources/app/out/vs/workbench/workbench.desktop.main.js:1347:10422
    at async Promise.all (index 0)
    at async Promise.all (index 1)
    at async h.resolveContents (vscode-file://vscode-app/usr/share/code/resources/app/out/vs/workbench/workbench.desktop.main.js:1347:10695)
    at async b.updateCache (vscode-file://vscode-app/usr/share/code/resources/app/out/vs/workbench/workbench.desktop.main.js:1347:28425)
[2023-04-16 19:45:42.139] [renderer3] [error] Error: Unable to read file 'vscode-remote://ssh-remote+hust02/home/xyw/Code/recruitment-2022-spring/.vscode/launch.json' (Canceled: Canceled)
    at h.doReadFileStream (vscode-file://vscode-app/usr/share/code/resources/app/out/vs/workbench/workbench.desktop.main.js:603:20089)
    at async h.doReadFile (vscode-file://vscode-app/usr/share/code/resources/app/out/vs/workbench/workbench.desktop.main.js:603:19045)
    at async vscode-file://vscode-app/usr/share/code/resources/app/out/vs/workbench/workbench.desktop.main.js:1347:10422
    at async Promise.all (index 1)
    at async Promise.all (index 1)
    at async h.resolveContents (vscode-file://vscode-app/usr/share/code/resources/app/out/vs/workbench/workbench.desktop.main.js:1347:10695)
    at async b.updateCache (vscode-file://vscode-app/usr/share/code/resources/app/out/vs/workbench/workbench.desktop.main.js:1347:28425)
[2023-04-16 19:45:42.140] [renderer3] [error] Error: Unable to read file 'vscode-remote://ssh-remote+hust02/home/xyw/Code/recruitment-2022-spring/.vscode/settings.json' (Canceled: Canceled)
    at h.doReadFileStream (vscode-file://vscode-app/usr/share/code/resources/app/out/vs/workbench/workbench.desktop.main.js:603:20089)
    at async h.doReadFile (vscode-file://vscode-app/usr/share/code/resources/app/out/vs/workbench/workbench.desktop.main.js:603:19045)
    at async vscode-file://vscode-app/usr/share/code/resources/app/out/vs/workbench/workbench.desktop.main.js:1347:10422
    at async Promise.all (index 0)
    at async Promise.all (index 0)
    at async h.resolveContents (vscode-file://vscode-app/usr/share/code/resources/app/out/vs/workbench/workbench.desktop.main.js:1347:10695)
    at async b.updateCache (vscode-file://vscode-app/usr/share/code/resources/app/out/vs/workbench/workbench.desktop.main.js:1347:28425)
[2023-04-16 19:45:42.141] [renderer3] [error] Error: Unable to read file 'vscode-remote://ssh-remote+hust02/home/xyw/Code/recruitment-2022-spring/.vscode/tasks.json' (Canceled: Canceled)
    at h.doReadFileStream (vscode-file://vscode-app/usr/share/code/resources/app/out/vs/workbench/workbench.desktop.main.js:603:20089)
    at async h.doReadFile (vscode-file://vscode-app/usr/share/code/resources/app/out/vs/workbench/workbench.desktop.main.js:603:19045)
    at async vscode-file://vscode-app/usr/share/code/resources/app/out/vs/workbench/workbench.desktop.main.js:1347:10422
    at async Promise.all (index 0)
    at async Promise.all (index 1)
    at async h.resolveContents (vscode-file://vscode-app/usr/share/code/resources/app/out/vs/workbench/workbench.desktop.main.js:1347:10695)
    at async b.updateCache (vscode-file://vscode-app/usr/share/code/resources/app/out/vs/workbench/workbench.desktop.main.js:1347:28425)
[2023-04-16 19:45:42.141] [renderer3] [error] Error: Unable to read file 'vscode-remote://ssh-remote+hust02/home/xyw/Code/recruitment-2022-spring/.vscode/launch.json' (Canceled: Canceled)
    at h.doReadFileStream (vscode-file://vscode-app/usr/share/code/resources/app/out/vs/workbench/workbench.desktop.main.js:603:20089)
    at async h.doReadFile (vscode-file://vscode-app/usr/share/code/resources/app/out/vs/workbench/workbench.desktop.main.js:603:19045)
    at async vscode-file://vscode-app/usr/share/code/resources/app/out/vs/workbench/workbench.desktop.main.js:1347:10422
    at async Promise.all (index 1)
    at async Promise.all (index 1)
    at async h.resolveContents (vscode-file://vscode-app/usr/share/code/resources/app/out/vs/workbench/workbench.desktop.main.js:1347:10695)
    at async b.updateCache (vscode-file://vscode-app/usr/share/code/resources/app/out/vs/workbench/workbench.desktop.main.js:1347:28425)
[2023-04-16 19:45:42.321] [renderer3] [info] [remote-connection][ExtensionHost][ca305…][reconnect] received socket close event (wasClean: false, code: 1006, reason: ).
[2023-04-16 19:45:42.322] [renderer3] [error] {"isTrusted":true}
[2023-04-16 19:45:42.322] [renderer3] [error] [remote-connection][ExtensionHost][ca305…][reconnect][127.0.0.1:33101] received error control message when negotiating connection. Error:
[2023-04-16 19:45:42.322] [renderer3] [error] Error: Connection error: Unknown reconnection token (never seen)
    at z (vscode-file://vscode-app/usr/share/code/resources/app/out/vs/workbench/workbench.desktop.main.js:630:19606)
    at vscode-file://vscode-app/usr/share/code/resources/app/out/vs/workbench/workbench.desktop.main.js:630:9403
    at S.invoke (vscode-file://vscode-app/usr/share/code/resources/app/out/vs/workbench/workbench.desktop.main.js:83:145)
    at l.deliver (vscode-file://vscode-app/usr/share/code/resources/app/out/vs/workbench/workbench.desktop.main.js:83:2266)
    at a.fire (vscode-file://vscode-app/usr/share/code/resources/app/out/vs/workbench/workbench.desktop.main.js:83:1844)
    at d.fire (vscode-file://vscode-app/usr/share/code/resources/app/out/vs/workbench/workbench.desktop.main.js:545:19365)
    at g._receiveMessage (vscode-file://vscode-app/usr/share/code/resources/app/out/vs/workbench/workbench.desktop.main.js:545:24227)
    at vscode-file://vscode-app/usr/share/code/resources/app/out/vs/workbench/workbench.desktop.main.js:545:23197
    at S.invoke (vscode-file://vscode-app/usr/share/code/resources/app/out/vs/workbench/workbench.desktop.main.js:83:145)
    at l.deliver (vscode-file://vscode-app/usr/share/code/resources/app/out/vs/workbench/workbench.desktop.main.js:83:2266)
    at a.fire (vscode-file://vscode-app/usr/share/code/resources/app/out/vs/workbench/workbench.desktop.main.js:83:1844)
    at a.acceptChunk (vscode-file://vscode-app/usr/share/code/resources/app/out/vs/workbench/workbench.desktop.main.js:545:16196)
    at vscode-file://vscode-app/usr/share/code/resources/app/out/vs/workbench/workbench.desktop.main.js:545:15326
    at vscode-file://vscode-app/usr/share/code/resources/app/out/vs/workbench/workbench.desktop.main.js:628:45361
    at S.invoke (vscode-file://vscode-app/usr/share/code/resources/app/out/vs/workbench/workbench.desktop.main.js:83:145)
    at l.deliver (vscode-file://vscode-app/usr/share/code/resources/app/out/vs/workbench/workbench.desktop.main.js:83:2266)
    at a.fire (vscode-file://vscode-app/usr/share/code/resources/app/out/vs/workbench/workbench.desktop.main.js:83:1844)
    at _fileReader.onload (vscode-file://vscode-app/usr/share/code/resources/app/out/vs/workbench/workbench.desktop.main.js:628:43292)
[2023-04-16 19:45:42.323] [renderer3] [error] [remote-connection][ExtensionHost][ca305…][reconnect] A permanent error occurred in the reconnecting loop! Will give up now! Error:
[2023-04-16 19:45:42.323] [renderer3] [error] Error: Connection error: Unknown reconnection token (never seen)
    at z (vscode-file://vscode-app/usr/share/code/resources/app/out/vs/workbench/workbench.desktop.main.js:630:19606)
    at vscode-file://vscode-app/usr/share/code/resources/app/out/vs/workbench/workbench.desktop.main.js:630:9403
    at S.invoke (vscode-file://vscode-app/usr/share/code/resources/app/out/vs/workbench/workbench.desktop.main.js:83:145)
    at l.deliver (vscode-file://vscode-app/usr/share/code/resources/app/out/vs/workbench/workbench.desktop.main.js:83:2266)
    at a.fire (vscode-file://vscode-app/usr/share/code/resources/app/out/vs/workbench/workbench.desktop.main.js:83:1844)
    at d.fire (vscode-file://vscode-app/usr/share/code/resources/app/out/vs/workbench/workbench.desktop.main.js:545:19365)
    at g._receiveMessage (vscode-file://vscode-app/usr/share/code/resources/app/out/vs/workbench/workbench.desktop.main.js:545:24227)
    at vscode-file://vscode-app/usr/share/code/resources/app/out/vs/workbench/workbench.desktop.main.js:545:23197
    at S.invoke (vscode-file://vscode-app/usr/share/code/resources/app/out/vs/workbench/workbench.desktop.main.js:83:145)
    at l.deliver (vscode-file://vscode-app/usr/share/code/resources/app/out/vs/workbench/workbench.desktop.main.js:83:2266)
    at a.fire (vscode-file://vscode-app/usr/share/code/resources/app/out/vs/workbench/workbench.desktop.main.js:83:1844)
    at a.acceptChunk (vscode-file://vscode-app/usr/share/code/resources/app/out/vs/workbench/workbench.desktop.main.js:545:16196)
    at vscode-file://vscode-app/usr/share/code/resources/app/out/vs/workbench/workbench.desktop.main.js:545:15326
    at vscode-file://vscode-app/usr/share/code/resources/app/out/vs/workbench/workbench.desktop.main.js:628:45361
    at S.invoke (vscode-file://vscode-app/usr/share/code/resources/app/out/vs/workbench/workbench.desktop.main.js:83:145)
    at l.deliver (vscode-file://vscode-app/usr/share/code/resources/app/out/vs/workbench/workbench.desktop.main.js:83:2266)
    at a.fire (vscode-file://vscode-app/usr/share/code/resources/app/out/vs/workbench/workbench.desktop.main.js:83:1844)
    at _fileReader.onload (vscode-file://vscode-app/usr/share/code/resources/app/out/vs/workbench/workbench.desktop.main.js:628:43292)
[2023-04-16 19:51:33.358] [renderer3] [info] [attempt 1] Invoking resolveAuthority(ssh-remote)
[2023-04-16 19:51:33.438] [renderer3] [error] [Extension Host] (node:59544) [DEP0005] DeprecationWarning: Buffer() is deprecated due to security and usability issues. Please use the Buffer.alloc(), Buffer.allocUnsafe(), or Buffer.from() methods instead.
(Use `code --trace-deprecation ...` to show where the warning was created)
[2023-04-16 19:51:33.448] [renderer3] [info] [attempt 1] resolveAuthority(ssh-remote) returned '127.0.0.1:34811' after 90 ms
