[15:11:03.965] Log Level: 2
[15:11:03.969] remote-ssh@0.90.1
[15:11:03.969] linux x64
[15:11:04.006] SSH Resolver called for "ssh-remote+hust02", attempt 1
[15:11:04.006] "remote.SSH.useLocalServer": true
[15:11:04.007] "remote.SSH.path": undefined
[15:11:04.007] "remote.SSH.configFile": undefined
[15:11:04.007] "remote.SSH.useFlock": true
[15:11:04.007] "remote.SSH.lockfilesInTmp": false
[15:11:04.007] "remote.SSH.localServerDownload": auto
[15:11:04.007] "remote.SSH.remoteServerListenOnSocket": false
[15:11:04.007] "remote.SSH.showLoginTerminal": false
[15:11:04.007] "remote.SSH.defaultExtensions": []
[15:11:04.008] "remote.SSH.loglevel": 2
[15:11:04.008] "remote.SSH.enableDynamicForwarding": true
[15:11:04.008] "remote.SSH.enableRemoteCommand": false
[15:11:04.008] "remote.SSH.serverPickPortsFromRange": {}
[15:11:04.009] "remote.SSH.serverInstallPath": {}
[15:11:04.020] SSH Resolver called for host: hust02
[15:11:04.021] Setting up SSH remote "hust02"
[15:11:04.026] Acquiring local install lock: /tmp/vscode-remote-ssh-d8136d83-install.lock
[15:11:04.030] Looking for existing server data file at /home/xyw/Documents/Code/rocksdb/rdma/skiplist_of_memtable_in_rocksdb/.vscode-root/User/globalStorage/ms-vscode-remote.remote-ssh/vscode-ssh-host-d8136d83-784b0177c56c607789f9638da7b6bf3230d47a8c-0.90.1/data.json
[15:11:04.030] Using commit id "784b0177c56c607789f9638da7b6bf3230d47a8c" and quality "stable" for server
[15:11:04.036] Install and start server if needed
[15:11:04.071] PATH: /usr/local/sbin:/usr/local/bin:/usr/sbin:/usr/bin:/sbin:/bin:/snap/bin
[15:11:04.072] Checking ssh with "ssh -V"
[15:11:04.096] > OpenSSH_8.2p1 Ubuntu-4ubuntu0.5, OpenSSL 1.1.1f  31 Mar 2020

[15:11:04.105] askpass server listening on /tmp/vscode-ssh-askpass-aa9a23cf6bee68b3d4509a9f2585e404bb308f0f.sock
[15:11:04.106] Spawning local server with {"serverId":1,"ipcHandlePath":"/tmp/vscode-ssh-askpass-9ad5f74f6da9328e9327ed985573dcad5200e666.sock","sshCommand":"ssh","sshArgs":["-v","-T","-D","36891","-o","ConnectTimeout=15","hust02"],"serverDataFolderName":".vscode-server","dataFilePath":"/home/xyw/Documents/Code/rocksdb/rdma/skiplist_of_memtable_in_rocksdb/.vscode-root/User/globalStorage/ms-vscode-remote.remote-ssh/vscode-ssh-host-d8136d83-784b0177c56c607789f9638da7b6bf3230d47a8c-0.90.1/data.json"}
[15:11:04.106] Local server env: {"SHELL":"/bin/bash","DISPLAY":":0","ELECTRON_RUN_AS_NODE":"1","SSH_ASKPASS":"/root/.vscode/extensions/ms-vscode-remote.remote-ssh-0.90.1/out/local-server/askpass.sh","VSCODE_SSH_ASKPASS_NODE":"/usr/share/code/code","VSCODE_SSH_ASKPASS_EXTRA_ARGS":"--ms-enable-electron-run-as-node","VSCODE_SSH_ASKPASS_MAIN":"/root/.vscode/extensions/ms-vscode-remote.remote-ssh-0.90.1/out/askpass-main.js","VSCODE_SSH_ASKPASS_HANDLE":"/tmp/vscode-ssh-askpass-aa9a23cf6bee68b3d4509a9f2585e404bb308f0f.sock"}
[15:11:04.116] Spawned 58453
[15:11:04.372] > local-server-1> Spawned ssh, pid=58461
[15:11:04.378] stderr> OpenSSH_8.2p1 Ubuntu-4ubuntu0.5, OpenSSL 1.1.1f  31 Mar 2020
[15:11:04.670] stderr> debug1: Server host key: ecdsa-sha2-nistp256 SHA256:RTYGHnJ48YY8z0RysizPpTP0ShpOGWw9u4R5abt086k
[15:11:04.943] stderr> Authenticated to xz-ct1.cloudiplc.com ([221.229.197.212]:39234).
[15:11:05.709] > Welcome to Ubuntu 20.04.4 LTS (GNU/Linux 5.4.0-136-generic x86_64)
> 
>  * Documentation:  https://help.ubuntu.com
>  * Management:     https://landscape.canonical.com
>  * Support:        https://ubuntu.com/advantage
> 
>   System information as of Sun 16 Apr 2023 03:11:05 PM CST
> 
>   System load:  0.04                Processes:                   1518
>   Usage of /:   47.3% of 889.17GB   Users logged in:             2
>   Memory usage: 4%                  IPv4 address for ens25f0:    172.16.9.234
>   Swap usage:   0%                  IPv4 address for ztc25kybwp: 10.144.184.215
>   Temperature:  44.0 C              IPv4 address for ztc25kybwp: 10.144.39.234
> 
>  * Strictly confined Kubernetes makes edge and IoT secure. Learn how MicroK8s
>    just raised the bar for easy, resilient and secure K8s cluster deployment.
> 
>    https://ubuntu.com/engage/secure-kubernetes-at-the-edge
> 
> 173 updates can be applied immediately.
> To see these additional updates run: apt list --upgradable
> 
> New release '22.04.2 LTS' available.
> Run 'do-release-upgrade' to upgrade to it.
> 
> 
> 1 updates could not be installed automatically. For more details,
> see /var/log/unattended-upgrades/unattended-upgrades.log
> Your Hardware Enablement Stack (HWE) is supported until April 2025.
> 
> *** System restart required ***
[15:11:05.777] > ready: 08dcb58e89e2
[15:11:05.834] > Linux 5.4.0-136-generic #153-Ubuntu SMP Thu Nov 24 15:56:58 UTC 2022
[15:11:05.835] Platform: linux
[15:11:05.897] > /bin/bash
[15:11:05.898] Shell: bash
[15:11:05.898] Creating bash subshell inside "bash"
[15:11:06.014] > bash version:  5.0.17(1)-release
[15:11:06.052] > bash version:  5.0.17(1)-release
[15:11:06.119] > bash version:  5.0.17(1)-release
[15:11:06.194] > 08dcb58e89e2: running
> Acquiring lock on /home/xyw/.vscode-server/bin/784b0177c56c607789f9638da7b6bf3230d47a8c/vscode-remote-lock.xyw.784b0177c56c607789f9638da7b6bf3230d47a8c
> Found existing installation at /home/xyw/.vscode-server/bin/784b0177c56c607789f9638da7b6bf3230d47a8c...
> Checking /home/xyw/.vscode-server/.784b0177c56c607789f9638da7b6bf3230d47a8c.log and /home/xyw/.vscode-server/.784b0177c56c607789f9638da7b6bf3230d47a8c.pid for a running server
> Looking for server with pid: 2607957
[15:11:06.275] > Found running server...
>  
> *
> * Reminder: You may only use this software with Visual Studio family products,
> * as described in the license (https://go.microsoft.com/fwlink/?linkid=2077057)
> *
>  
> Checking server status on port 42491 with wget
[15:11:06.349] > 08dcb58e89e2: start
> SSH_AUTH_SOCK====
> DISPLAY====
> webUiAccessToken====
> listeningOn==42491==
> osReleaseId==ubuntu==
> arch==x86_64==
> tmpDir==/run/user/1001==
> platform==linux==
> unpackResult====
> didLocalDownload==0==
> downloadTime====
> installTime====
> extInstallTime====
> serverStartTime====
> connectionToken==11aa11aa-111a-1a1a-1aaa-aa1aa1a11aa1==
> 08dcb58e89e2: end
[15:11:06.349] Received install output: 
SSH_AUTH_SOCK====
DISPLAY====
webUiAccessToken====
listeningOn==42491==
osReleaseId==ubuntu==
arch==x86_64==
tmpDir==/run/user/1001==
platform==linux==
unpackResult====
didLocalDownload==0==
downloadTime====
installTime====
extInstallTime====
serverStartTime====
connectionToken==11aa11aa-111a-1a1a-1aaa-aa1aa1a11aa1==

[15:11:06.350] Remote server is listening on 42491
[15:11:06.350] Parsed server configuration: {"serverConfiguration":{"remoteListeningOn":{"port":42491},"osReleaseId":"ubuntu","arch":"x86_64","webUiAccessToken":"","sshAuthSock":"","display":"","tmpDir":"/run/user/1001","platform":"linux","connectionToken":"11aa11aa-111a-1a1a-1aaa-aa1aa1a11aa1"},"installUnpackCode":""}
[15:11:06.357] Persisting server connection details to /home/xyw/Documents/Code/rocksdb/rdma/skiplist_of_memtable_in_rocksdb/.vscode-root/User/globalStorage/ms-vscode-remote.remote-ssh/vscode-ssh-host-d8136d83-784b0177c56c607789f9638da7b6bf3230d47a8c-0.90.1/data.json
[15:11:06.367] Starting forwarding server. localPort 46645 -> socksPort 36891 -> remotePort 42491
[15:11:06.368] Forwarding server listening on 46645
[15:11:06.368] Waiting for ssh tunnel to be ready
[15:11:06.370] [Forwarding server 46645] Got connection 0
[15:11:06.375] Tunneled 42491 to local port 46645
[15:11:06.376] Resolved "ssh-remote+hust02" to "127.0.0.1:46645"
[15:11:06.403] ------




[15:11:06.465] [Forwarding server 46645] Got connection 1
[15:11:06.737] [Forwarding server 46645] Got connection 2
[16:10:23.839] > local-server-1> ssh child died, shutting down
[16:10:23.937] Local server exit: 0
[16:10:24.094] ------




[16:10:24.094] SSH Resolver called for "ssh-remote+hust02", attempt 2, (Reconnection)
[16:10:24.107] SSH Resolver called for host: hust02
[16:10:24.107] Setting up SSH remote "hust02"
[16:10:24.113] Acquiring local install lock: /tmp/vscode-remote-ssh-d8136d83-install.lock
[16:10:24.115] Looking for existing server data file at /home/xyw/Documents/Code/rocksdb/rdma/skiplist_of_memtable_in_rocksdb/.vscode-root/User/globalStorage/ms-vscode-remote.remote-ssh/vscode-ssh-host-d8136d83-784b0177c56c607789f9638da7b6bf3230d47a8c-0.90.1/data.json
[16:10:24.117] Using commit id "784b0177c56c607789f9638da7b6bf3230d47a8c" and quality "stable" for server
[16:10:24.131] Install and start server if needed
[16:10:24.143] askpass server listening on /tmp/vscode-ssh-askpass-dc764b706154d4124104d933a2da8b152747c3af.sock
[16:10:24.144] Spawning local server with {"serverId":2,"ipcHandlePath":"/tmp/vscode-ssh-askpass-7164e7f0e86e3ebbe2eeb6f4da05409b25553387.sock","sshCommand":"ssh","sshArgs":["-v","-T","-D","34801","-o","ConnectTimeout=15","hust02"],"serverDataFolderName":".vscode-server","dataFilePath":"/home/xyw/Documents/Code/rocksdb/rdma/skiplist_of_memtable_in_rocksdb/.vscode-root/User/globalStorage/ms-vscode-remote.remote-ssh/vscode-ssh-host-d8136d83-784b0177c56c607789f9638da7b6bf3230d47a8c-0.90.1/data.json"}
[16:10:24.147] Local server env: {"SHELL":"/bin/bash","DISPLAY":":0","ELECTRON_RUN_AS_NODE":"1","SSH_ASKPASS":"/root/.vscode/extensions/ms-vscode-remote.remote-ssh-0.90.1/out/local-server/askpass.sh","VSCODE_SSH_ASKPASS_NODE":"/usr/share/code/code","VSCODE_SSH_ASKPASS_EXTRA_ARGS":"--ms-enable-electron-run-as-node","VSCODE_SSH_ASKPASS_MAIN":"/root/.vscode/extensions/ms-vscode-remote.remote-ssh-0.90.1/out/askpass-main.js","VSCODE_SSH_ASKPASS_HANDLE":"/tmp/vscode-ssh-askpass-dc764b706154d4124104d933a2da8b152747c3af.sock"}
[16:10:24.186] Spawned 59126
[16:10:24.539] > local-server-2> Spawned ssh, pid=59136
[16:10:24.544] stderr> OpenSSH_8.2p1 Ubuntu-4ubuntu0.5, OpenSSL 1.1.1f  31 Mar 2020
[16:10:24.892] stderr> debug1: Server host key: ecdsa-sha2-nistp256 SHA256:RTYGHnJ48YY8z0RysizPpTP0ShpOGWw9u4R5abt086k
[16:10:25.495] stderr> Authenticated to xz-ct1.cloudiplc.com ([221.229.197.212]:39234).
[16:10:26.449] > Welcome to Ubuntu 20.04.4 LTS (GNU/Linux 5.4.0-136-generic x86_64)
> 
>  * Documentation:  https://help.ubuntu.com
>  * Management:     https://landscape.canonical.com
>  * Support:        https://ubuntu.com/advantage
> 
>   System information as of Sun 16 Apr 2023 04:10:25 PM CST
> 
>   System load:  0.0                 Processes:                   1518
>   Usage of /:   47.3% of 889.17GB   Users logged in:             2
>   Memory usage: 4%                  IPv4 address for ens25f0:    172.16.9.234
>   Swap usage:   0%                  IPv4 address for ztc25kybwp: 10.144.184.215
>   Temperature:  42.0 C              IPv4 address for ztc25kybwp: 10.144.39.234
> 
>  * Strictly confined Kubernetes makes edge and IoT secure. Learn how MicroK8s
>    just raised the bar for easy, resilient and secure K8s cluster deployment.
> 
>    https://ubuntu.com/engage/secure-kubernetes-at-the-edge
> 
> 173 updates can be applied immediately.
> To see these additional updates run: apt list --upgradable
> 
> New release '22.04.2 LTS' available.
> Run 'do-release-upgrade' to upgrade to it.
> 
> 
> 1 updates could not be installed automatically. For more details,
> see /var/log/unattended-upgrades/unattended-upgrades.log
> Your Hardware Enablement Stack (HWE) is supported until April 2025.
> 
> *** System restart required ***
[16:10:26.533] > ready: 62d1181e70eb
[16:10:26.638] > Linux 5.4.0-136-generic #153-Ubuntu SMP Thu Nov 24 15:56:58 UTC 2022
[16:10:26.638] Platform: linux
[16:10:26.697] > /bin/bash
[16:10:26.698] Shell: bash
[16:10:26.698] Creating bash subshell inside "bash"
[16:10:26.758] > bash version:  5.0.17(1)-release
[16:10:26.822] > bash version:  5.0.17(1)-release
[16:10:26.895] > 62d1181e70eb: running
[16:10:26.985] > Acquiring lock on /home/xyw/.vscode-server/bin/784b0177c56c607789f9638da7b6bf3230d47a8c/vscode-remote-lock.xyw.784b0177c56c607789f9638da7b6bf3230d47a8c
> Found existing installation at /home/xyw/.vscode-server/bin/784b0177c56c607789f9638da7b6bf3230d47a8c...
> Checking /home/xyw/.vscode-server/.784b0177c56c607789f9638da7b6bf3230d47a8c.log and /home/xyw/.vscode-server/.784b0177c56c607789f9638da7b6bf3230d47a8c.pid for a running server
> Looking for server with pid: 2607957
[16:10:27.066] > Found running server...
>  
> *
> * Reminder: You may only use this software with Visual Studio family products,
> * as described in the license (https://go.microsoft.com/fwlink/?linkid=2077057)
> *
>  
> Checking server status on port 42491 with wget
[16:10:27.247] > 62d1181e70eb: start
> SSH_AUTH_SOCK====
> DISPLAY====
> webUiAccessToken====
> listeningOn==42491==
> osReleaseId==ubuntu==
> arch==x86_64==
> tmpDir==/run/user/1001==
> platform==linux==
> unpackResult====
> didLocalDownload==0==
> downloadTime====
> installTime====
> extInstallTime====
> serverStartTime====
> connectionToken==11aa11aa-111a-1a1a-1aaa-aa1aa1a11aa1==
> 62d1181e70eb: end
[16:10:27.248] Received install output: 
SSH_AUTH_SOCK====
DISPLAY====
webUiAccessToken====
listeningOn==42491==
osReleaseId==ubuntu==
arch==x86_64==
tmpDir==/run/user/1001==
platform==linux==
unpackResult====
didLocalDownload==0==
downloadTime====
installTime====
extInstallTime====
serverStartTime====
connectionToken==11aa11aa-111a-1a1a-1aaa-aa1aa1a11aa1==

[16:10:27.248] Remote server is listening on 42491
[16:10:27.249] Parsed server configuration: {"serverConfiguration":{"remoteListeningOn":{"port":42491},"osReleaseId":"ubuntu","arch":"x86_64","webUiAccessToken":"","sshAuthSock":"","display":"","tmpDir":"/run/user/1001","platform":"linux","connectionToken":"11aa11aa-111a-1a1a-1aaa-aa1aa1a11aa1"},"installUnpackCode":""}
[16:10:27.250] Persisting server connection details to /home/xyw/Documents/Code/rocksdb/rdma/skiplist_of_memtable_in_rocksdb/.vscode-root/User/globalStorage/ms-vscode-remote.remote-ssh/vscode-ssh-host-d8136d83-784b0177c56c607789f9638da7b6bf3230d47a8c-0.90.1/data.json
[16:10:27.254] Starting forwarding server. localPort 38083 -> socksPort 34801 -> remotePort 42491
[16:10:27.254] Forwarding server listening on 38083
[16:10:27.255] Waiting for ssh tunnel to be ready
[16:10:27.256] [Forwarding server 38083] Got connection 0
[16:10:27.257] Tunneled 42491 to local port 38083
[16:10:27.257] Resolved "ssh-remote+hust02" to "127.0.0.1:38083"
[16:10:27.268] ------




[16:10:27.306] [Forwarding server 38083] Got connection 1
[16:10:27.485] [Forwarding server 38083] Got connection 2
[19:45:37.818] > local-server-2> ssh child died, shutting down
[19:45:37.843] Local server exit: 0
[19:45:37.944] ------




[19:45:37.944] SSH Resolver called for "ssh-remote+hust02", attempt 3, (Reconnection)
[19:45:37.953] SSH Resolver called for host: hust02
[19:45:37.954] Setting up SSH remote "hust02"
[19:45:37.960] Acquiring local install lock: /tmp/vscode-remote-ssh-d8136d83-install.lock
[19:45:37.965] Looking for existing server data file at /home/xyw/Documents/Code/rocksdb/rdma/skiplist_of_memtable_in_rocksdb/.vscode-root/User/globalStorage/ms-vscode-remote.remote-ssh/vscode-ssh-host-d8136d83-784b0177c56c607789f9638da7b6bf3230d47a8c-0.90.1/data.json
[19:45:37.968] Using commit id "784b0177c56c607789f9638da7b6bf3230d47a8c" and quality "stable" for server
[19:45:37.980] Install and start server if needed
[19:45:37.993] askpass server listening on /tmp/vscode-ssh-askpass-84ca1936c77605912c1764a11c3032008438c0ad.sock
[19:45:37.994] Spawning local server with {"serverId":3,"ipcHandlePath":"/tmp/vscode-ssh-askpass-40a29089d0bb14e1cee718fab95e0b3a19666e0b.sock","sshCommand":"ssh","sshArgs":["-v","-T","-D","33343","-o","ConnectTimeout=15","hust02"],"serverDataFolderName":".vscode-server","dataFilePath":"/home/xyw/Documents/Code/rocksdb/rdma/skiplist_of_memtable_in_rocksdb/.vscode-root/User/globalStorage/ms-vscode-remote.remote-ssh/vscode-ssh-host-d8136d83-784b0177c56c607789f9638da7b6bf3230d47a8c-0.90.1/data.json"}
[19:45:37.994] Local server env: {"SHELL":"/bin/bash","DISPLAY":":0","ELECTRON_RUN_AS_NODE":"1","SSH_ASKPASS":"/root/.vscode/extensions/ms-vscode-remote.remote-ssh-0.90.1/out/local-server/askpass.sh","VSCODE_SSH_ASKPASS_NODE":"/usr/share/code/code","VSCODE_SSH_ASKPASS_EXTRA_ARGS":"--ms-enable-electron-run-as-node","VSCODE_SSH_ASKPASS_MAIN":"/root/.vscode/extensions/ms-vscode-remote.remote-ssh-0.90.1/out/askpass-main.js","VSCODE_SSH_ASKPASS_HANDLE":"/tmp/vscode-ssh-askpass-84ca1936c77605912c1764a11c3032008438c0ad.sock"}
[19:45:38.067] Spawned 59432
[19:45:38.546] > local-server-3> Spawned ssh, pid=59440
[19:45:38.558] stderr> OpenSSH_8.2p1 Ubuntu-4ubuntu0.5, OpenSSL 1.1.1f  31 Mar 2020
[19:45:39.803] stderr> debug1: Server host key: ecdsa-sha2-nistp256 SHA256:RTYGHnJ48YY8z0RysizPpTP0ShpOGWw9u4R5abt086k
[19:45:40.074] stderr> Authenticated to xz-ct1.cloudiplc.com ([221.229.197.212]:39234).
[19:45:40.957] > Welcome to Ubuntu 20.04.4 LTS (GNU/Linux 5.4.0-136-generic x86_64)
> 
>  * Documentation:  https://help.ubuntu.com
>  * Management:     https://landscape.canonical.com
>  * Support:        https://ubuntu.com/advantage
> 
>   System information as of Sun 16 Apr 2023 07:45:40 PM CST
> 
>   System load:  0.01                Processes:                   1514
>   Usage of /:   47.4% of 889.17GB   Users logged in:             2
>   Memory usage: 4%                  IPv4 address for ens25f0:    172.16.9.234
>   Swap usage:   0%                  IPv4 address for ztc25kybwp: 10.144.184.215
>   Temperature:  43.0 C              IPv4 address for ztc25kybwp: 10.144.39.234
> 
>  * Strictly confined Kubernetes makes edge and IoT secure. Learn how MicroK8s
>    just raised the bar for easy, resilient and secure K8s cluster deployment.
> 
>    https://ubuntu.com/engage/secure-kubernetes-at-the-edge
> 
> 173 updates can be applied immediately.
> To see these additional updates run: apt list --upgradable
> 
> New release '22.04.2 LTS' available.
> Run 'do-release-upgrade' to upgrade to it.
> 
> 
> 1 updates could not be installed automatically. For more details,
> see /var/log/unattended-upgrades/unattended-upgrades.log
> Your Hardware Enablement Stack (HWE) is supported until April 2025.
> 
> *** System restart required ***
[19:45:41.042] > ready: ac4f2bd3e1c3
[19:45:41.101] > Linux 5.4.0-136-generic #153-Ubuntu SMP Thu Nov 24 15:56:58 UTC 2022
[19:45:41.102] Platform: linux
[19:45:41.157] > /bin/bash
[19:45:41.157] Shell: bash
[19:45:41.158] Creating bash subshell inside "bash"
[19:45:41.210] > bash version:  5.0.17(1)-release
[19:45:41.267] > bash version:  5.0.17(1)-release
[19:45:41.345] > ac4f2bd3e1c3: running
[19:45:41.421] > Acquiring lock on /home/xyw/.vscode-server/bin/784b0177c56c607789f9638da7b6bf3230d47a8c/vscode-remote-lock.xyw.784b0177c56c607789f9638da7b6bf3230d47a8c
> Found existing installation at /home/xyw/.vscode-server/bin/784b0177c56c607789f9638da7b6bf3230d47a8c...
> Checking /home/xyw/.vscode-server/.784b0177c56c607789f9638da7b6bf3230d47a8c.log and /home/xyw/.vscode-server/.784b0177c56c607789f9638da7b6bf3230d47a8c.pid for a running server
> Looking for server with pid: 2607957
> Starting server with command... /home/xyw/.vscode-server/bin/784b0177c56c607789f9638da7b6bf3230d47a8c/bin/code-server --start-server --host=127.0.0.1 --accept-server-license-terms --enable-remote-auto-shutdown --port=0 --telemetry-level all   &> "/home/xyw/.vscode-server/.784b0177c56c607789f9638da7b6bf3230d47a8c.log" < /dev/null
> printenv:
>     SHELL=/bin/bash
>     LC_ADDRESS=C.UTF-8
>     LC_NAME=C.UTF-8
>     LC_MONETARY=C.UTF-8
>     PWD=/home/xyw
>     NIX_PROFILES=/nix/var/nix/profiles/default /home/xyw/.nix-profile
>     LOGNAME=xyw
>     XDG_SESSION_TYPE=tty
>     MOTD_SHOWN=pam
>     HOME=/home/xyw
>     LC_PAPER=C.UTF-8
>     LANG=C.UTF-8
>     NIX_SSL_CERT_FILE=/etc/ssl/certs/ca-certificates.crt
>     VSCODE_AGENT_FOLDER=/home/xyw/.vscode-server
>     SSH_CONNECTION=127.0.0.1 49308 127.0.0.1 22
>     XDG_SESSION_CLASS=user
>     LC_IDENTIFICATION=C.UTF-8
>     USER=xyw
>     SHLVL=1
>     LC_TELEPHONE=C.UTF-8
>     LC_MEASUREMENT=C.UTF-8
>     XDG_SESSION_ID=19072
>     XDG_RUNTIME_DIR=/run/user/1001
>     SSH_CLIENT=127.0.0.1 49308 22
>     LC_TIME=C.UTF-8
>     XDG_DATA_DIRS=/usr/local/share:/usr/share:/var/lib/snapd/desktop
>     PATH=/home/xyw/.nix-profile/bin:/nix/var/nix/profiles/default/bin:/usr/local/sbin:/usr/local/bin:/usr/sbin:/usr/bin:/sbin:/bin:/usr/games:/usr/local/games:/snap/bin
>     DBUS_SESSION_BUS_ADDRESS=unix:path=/run/user/1001/bus
>     LC_NUMERIC=C.UTF-8
>     _=/usr/bin/printenv
[19:45:41.446] > Removing old logfile at /home/xyw/.vscode-server/.784b0177c56c607789f9638da7b6bf3230d47a8c.log
> Spawned remote server: 3200440
> Waiting for server log...
[19:45:41.513] > Waiting for server log...
>  
> *
[19:45:41.590] > * Reminder: You may only use this software with Visual Studio family products,
> * as described in the license (https://go.microsoft.com/fwlink/?linkid=2077057)
> *
>  
> ac4f2bd3e1c3: start
> SSH_AUTH_SOCK====
> DISPLAY====
> webUiAccessToken====
> listeningOn==33579==
> osReleaseId==ubuntu==
> arch==x86_64==
> tmpDir==/run/user/1001==
> platform==linux==
> unpackResult====
> didLocalDownload==0==
> downloadTime====
> installTime====
> extInstallTime====
> serverStartTime==87==
> connectionToken==11111111-1a11-1aa1-a1aa-11aa1a111aaa==
> ac4f2bd3e1c3: end
[19:45:41.591] Received install output: 
SSH_AUTH_SOCK====
DISPLAY====
webUiAccessToken====
listeningOn==33579==
osReleaseId==ubuntu==
arch==x86_64==
tmpDir==/run/user/1001==
platform==linux==
unpackResult====
didLocalDownload==0==
downloadTime====
installTime====
extInstallTime====
serverStartTime==87==
connectionToken==11111111-1a11-1aa1-a1aa-11aa1a111aaa==

[19:45:41.594] Remote server is listening on 33579
[19:45:41.595] Parsed server configuration: {"serverConfiguration":{"remoteListeningOn":{"port":33579},"osReleaseId":"ubuntu","arch":"x86_64","webUiAccessToken":"","sshAuthSock":"","display":"","tmpDir":"/run/user/1001","platform":"linux","connectionToken":"11111111-1a11-1aa1-a1aa-11aa1a111aaa"},"serverStartTime":87,"installUnpackCode":""}
[19:45:41.596] Persisting server connection details to /home/xyw/Documents/Code/rocksdb/rdma/skiplist_of_memtable_in_rocksdb/.vscode-root/User/globalStorage/ms-vscode-remote.remote-ssh/vscode-ssh-host-d8136d83-784b0177c56c607789f9638da7b6bf3230d47a8c-0.90.1/data.json
[19:45:41.600] Starting forwarding server. localPort 33101 -> socksPort 33343 -> remotePort 33579
[19:45:41.601] Forwarding server listening on 33101
[19:45:41.601] Waiting for ssh tunnel to be ready
[19:45:41.603] [Forwarding server 33101] Got connection 0
[19:45:41.604] Tunneled 33579 to local port 33101
[19:45:41.604] Resolved "ssh-remote+hust02" to "127.0.0.1:33101"
[19:45:41.616] ------




[19:45:41.652] [Forwarding server 33101] Got connection 1
[19:45:41.834] [Forwarding server 33101] Got connection 2
