[2023-04-16 15:10:10.803] [exthost] [info] Extension host with pid 58213 started
[2023-04-16 15:10:10.907] [exthost] [info] $resolveAuthority invoked for authority (ssh-remote)
[2023-04-16 15:10:10.920] [exthost] [info] ExtensionService#_doActivateExtension ms-vscode-remote.remote-ssh, startup: false, activationEvent: 'onResolveRemoteAuthority:ssh-remote'
[2023-04-16 15:10:11.549] [exthost] [info] $resolveAuthority invoked for authority (ssh-remote)
[2023-04-16 15:10:11.849] [exthost] [info] $resolveAuthority invoked for authority (ssh-remote)
[2023-04-16 15:10:12.139] [exthost] [info] $resolveAuthority invoked for authority (ssh-remote)
[2023-04-16 15:10:12.487] [exthost] [info] $resolveAuthority invoked for authority (ssh-remote)
[2023-04-16 15:10:13.403] [exthost] [info] ExtensionService#_doActivateExtension vscode.ipynb, startup: true, activationEvent: '*'
[2023-04-16 15:10:13.471] [exthost] [info] ExtensionService#_doActivateExtension vscode.microsoft-authentication, startup: false, activationEvent: 'onAuthenticationRequest:microsoft'
[2023-04-16 15:10:13.503] [exthost] [info] Eager extensions activated
[2023-04-16 15:10:13.681] [exthost] [info] ExtensionService#_doActivateExtension vscode.github-authentication, startup: false, activationEvent: 'onAuthenticationRequest:github'
[2023-04-16 15:10:36.032] [exthost] [info] Extension host terminating: received terminate message from renderer
[2023-04-16 15:10:36.038] [exthost] [info] Extension host with pid 58213 exiting with code 0
[2023-04-16 15:10:38.334] [exthost] [info] Extension host with pid 58384 started
[2023-04-16 15:10:38.381] [exthost] [info] $resolveAuthority invoked for authority (ssh-remote)
[2023-04-16 15:10:38.390] [exthost] [info] ExtensionService#_doActivateExtension ms-vscode-remote.remote-ssh, startup: false, activationEvent: 'onResolveRemoteAuthority:ssh-remote'
[2023-04-16 15:10:42.648] [exthost] [info] Eager extensions activated
[2023-04-16 15:10:42.682] [exthost] [info] ExtensionService#_doActivateExtension vscode.microsoft-authentication, startup: false, activationEvent: 'onAuthenticationRequest:microsoft'
[2023-04-16 15:10:43.060] [exthost] [info] ExtensionService#_doActivateExtension vscode.github-authentication, startup: false, activationEvent: 'onAuthenticationRequest:github'
[2023-04-16 15:11:01.560] [exthost] [info] Extension host terminating: received terminate message from renderer
[2023-04-16 15:11:01.565] [exthost] [info] Extension host with pid 58384 exiting with code 0
[2023-04-16 15:11:03.854] [exthost] [info] Extension host with pid 58428 started
[2023-04-16 15:11:03.854] [exthost] [info] Skipping acquiring lock for /home/xyw/Documents/Code/rocksdb/rdma/skiplist_of_memtable_in_rocksdb/.vscode-root/User/workspaceStorage/82bed702a6c51cb1263db4991cf2e8dd.
[2023-04-16 15:11:03.901] [exthost] [info] $getCanonicalURI invoked for authority (ssh-remote)
[2023-04-16 15:11:03.915] [exthost] [info] ExtensionService#_doActivateExtension ms-vscode-remote.remote-ssh, startup: false, activationEvent: 'onResolveRemoteAuthority:ssh-remote'
[2023-04-16 15:11:04.005] [exthost] [info] $resolveAuthority invoked for authority (ssh-remote)
[2023-04-16 15:11:08.405] [exthost] [info] Eager extensions activated
[2023-04-16 15:11:08.550] [exthost] [info] ExtensionService#_doActivateExtension vscode.microsoft-authentication, startup: false, activationEvent: 'onAuthenticationRequest:microsoft'
[2023-04-16 15:11:09.211] [exthost] [info] ExtensionService#_doActivateExtension vscode.github-authentication, startup: false, activationEvent: 'onAuthenticationRequest:github'
[2023-04-16 15:11:09.658] [exthost] [info] $getCanonicalURI invoked for authority (ssh-remote)
[2023-04-16 16:10:24.091] [exthost] [info] $resolveAuthority invoked for authority (ssh-remote)
[2023-04-16 19:45:37.941] [exthost] [info] $resolveAuthority invoked for authority (ssh-remote)
[2023-04-16 19:51:30.853] [exthost] [info] Extension host terminating: received terminate message from renderer
[2023-04-16 19:51:30.866] [exthost] [info] Extension host with pid 58428 exiting with code 0
[2023-04-16 19:51:33.231] [exthost] [info] Extension host with pid 59544 started
[2023-04-16 19:51:33.231] [exthost] [info] Skipping acquiring lock for /home/xyw/Documents/Code/rocksdb/rdma/skiplist_of_memtable_in_rocksdb/.vscode-root/User/workspaceStorage/82bed702a6c51cb1263db4991cf2e8dd.
[2023-04-16 19:51:33.266] [exthost] [info] $getCanonicalURI invoked for authority (ssh-remote)
[2023-04-16 19:51:33.278] [exthost] [info] ExtensionService#_doActivateExtension ms-vscode-remote.remote-ssh, startup: false, activationEvent: 'onResolveRemoteAuthority:ssh-remote'
[2023-04-16 19:51:33.362] [exthost] [info] $resolveAuthority invoked for authority (ssh-remote)
[2023-04-16 19:52:18.422] [exthost] [info] Extension host terminating: received terminate message from renderer
[2023-04-16 19:52:18.426] [exthost] [info] Extension host with pid 59544 exiting with code 0
